<?xml version="1.0" encoding="UTF-8"?>
<!-- Generated by org.testng.reporters.JUnitReportReporter -->
<testsuite hostname="shahid" failures="0" tests="1" name="Bodt.io.verifyHeaderLinks" time="26.423" errors="0" timestamp="2024-01-04T10:19:38 IST" skipped="0">
  <testcase classname="Bodt.io.verifyHeaderLinks" name="VerifyHeaderLink" time="26.423"/>
  <system-out/>
</testsuite> <!-- Bodt.io.verifyHeaderLinks -->
